Seaway Saga Android/unityLibrary/build/intermediates/manifest_merge_blame_file/debug/manifest-merger-blame-debug-report.txt
1<?xml version="1.0" encoding="utf-8"?>
2<manifest xmlns:android="http://schemas.android.com/apk/res/android"
3    package="com.unity3d.player"
4    android:installLocation="preferExternal"
5    android:versionCode="1"
6    android:versionName="1.0" >
7
8    <uses-sdk
8-->src\main\AndroidManifest.xml:18:3-71
9        android:minSdkVersion="22"
9-->src\main\AndroidManifest.xml:18:13-38
10        android:targetSdkVersion="30" />
10-->src\main\AndroidManifest.xml:18:39-68
11
12    <supports-screens
12-->src\main\AndroidManifest.xml:3:3-163
13        android:anyDensity="true"
13-->src\main\AndroidManifest.xml:3:135-160
14        android:largeScreens="true"
14-->src\main\AndroidManifest.xml:3:78-105
15        android:normalScreens="true"
15-->src\main\AndroidManifest.xml:3:49-77
16        android:smallScreens="true"
16-->src\main\AndroidManifest.xml:3:21-48
17        android:xlargeScreens="true" />
17-->src\main\AndroidManifest.xml:3:106-134
18
19    <uses-feature android:glEsVersion="0x00020000" />
19-->src\main\AndroidManifest.xml:19:3-52
19-->src\main\AndroidManifest.xml:19:17-49
20
21    <uses-permission android:name="android.permission.INTERNET" />
21-->src\main\AndroidManifest.xml:20:3-65
21-->src\main\AndroidManifest.xml:20:20-62
22    <uses-permission
22-->src\main\AndroidManifest.xml:21:3-106
23        android:name="android.permission.WRITE_EXTERNAL_STORAGE"
23-->src\main\AndroidManifest.xml:21:20-76
24        android:maxSdkVersion="18" />
24-->src\main\AndroidManifest.xml:21:77-103
25
26    <uses-feature
26-->src\main\AndroidManifest.xml:22:3-88
27        android:name="android.hardware.touchscreen"
27-->src\main\AndroidManifest.xml:22:17-60
28        android:required="false" />
28-->src\main\AndroidManifest.xml:22:61-85
29    <uses-feature
29-->src\main\AndroidManifest.xml:23:3-99
30        android:name="android.hardware.touchscreen.multitouch"
30-->src\main\AndroidManifest.xml:23:17-71
31        android:required="false" />
31-->src\main\AndroidManifest.xml:23:72-96
32    <uses-feature
32-->src\main\AndroidManifest.xml:24:3-108
33        android:name="android.hardware.touchscreen.multitouch.distinct"
33-->src\main\AndroidManifest.xml:24:17-80
34        android:required="false" />
34-->src\main\AndroidManifest.xml:24:81-105
35
36    <supports-gl-texture android:name="GL_OES_compressed_ETC1_RGB8_texture" />
36-->src\main\AndroidManifest.xml:25:3-77
36-->src\main\AndroidManifest.xml:25:24-74
37
38    <uses-permission android:name="android.permission.ACCESS_NETWORK_STATE" />
38-->src\main\AndroidManifest.xml:26:3-77
38-->src\main\AndroidManifest.xml:26:20-74
39
40    <application
40-->src\main\AndroidManifest.xml:4:3-17:17
41        android:banner="@drawable/app_banner"
41-->src\main\AndroidManifest.xml:4:117-154
42        android:debuggable="true"
42-->src\main\AndroidManifest.xml:4:91-116
43        android:extractNativeLibs="true"
43-->src\main\AndroidManifest.xml:4:155-187
44        android:icon="@mipmap/app_icon"
44-->src\main\AndroidManifest.xml:4:210-241
45        android:isGame="true"
45-->src\main\AndroidManifest.xml:4:188-209
46        android:label="@string/app_name"
46-->src\main\AndroidManifest.xml:4:58-90
47        android:theme="@style/UnityThemeSelector" >
47-->src\main\AndroidManifest.xml:4:16-57
48        <activity
48-->src\main\AndroidManifest.xml:5:5-12:16
49            android:name="com.unity3d.player.UnityPlayerActivity"
49-->src\main\AndroidManifest.xml:5:15-68
50            android:configChanges="mcc|mnc|locale|touchscreen|keyboard|keyboardHidden|navigation|orientation|screenLayout|uiMode|screenSize|smallestScreenSize|fontScale|layoutDirection|density"
50-->src\main\AndroidManifest.xml:5:172-353
51            android:hardwareAccelerated="false"
51-->src\main\AndroidManifest.xml:5:389-424
52            android:label="@string/app_name"
52-->src\main\AndroidManifest.xml:5:69-101
53            android:launchMode="singleTask"
53-->src\main\AndroidManifest.xml:5:140-171
54            android:resizeableActivity="false"
54-->src\main\AndroidManifest.xml:5:354-388
55            android:screenOrientation="landscape" >
55-->src\main\AndroidManifest.xml:5:102-139
56            <intent-filter>
56-->src\main\AndroidManifest.xml:6:7-10:23
57                <action android:name="android.intent.action.MAIN" />
57-->src\main\AndroidManifest.xml:7:9-61
57-->src\main\AndroidManifest.xml:7:17-58
58
59                <category android:name="android.intent.category.LAUNCHER" />
59-->src\main\AndroidManifest.xml:8:9-69
59-->src\main\AndroidManifest.xml:8:19-66
60                <category android:name="android.intent.category.LEANBACK_LAUNCHER" />
60-->src\main\AndroidManifest.xml:9:9-78
60-->src\main\AndroidManifest.xml:9:19-75
61            </intent-filter>
62
63            <meta-data
63-->src\main\AndroidManifest.xml:11:7-82
64                android:name="unityplayer.UnityActivity"
64-->src\main\AndroidManifest.xml:11:18-58
65                android:value="true" />
65-->src\main\AndroidManifest.xml:11:59-79
66        </activity>
67
68        <meta-data
68-->src\main\AndroidManifest.xml:13:5-69
69            android:name="unity.splash-mode"
69-->src\main\AndroidManifest.xml:13:16-48
70            android:value="0" />
70-->src\main\AndroidManifest.xml:13:49-66
71        <meta-data
71-->src\main\AndroidManifest.xml:14:5-74
72            android:name="unity.splash-enable"
72-->src\main\AndroidManifest.xml:14:16-50
73            android:value="True" />
73-->src\main\AndroidManifest.xml:14:51-71
74        <meta-data
74-->src\main\AndroidManifest.xml:15:5-78
75            android:name="unity.launch-fullscreen"
75-->src\main\AndroidManifest.xml:15:16-54
76            android:value="True" />
76-->src\main\AndroidManifest.xml:15:55-75
77        <meta-data
77-->src\main\AndroidManifest.xml:16:5-84
78            android:name="unity.allow-resizable-window"
78-->src\main\AndroidManifest.xml:16:16-59
79            android:value="False" />
79-->src\main\AndroidManifest.xml:16:60-81
80    </application>
81
82</manifest>